<?xml version="1.0" encoding="UTF-8"?>
<!-- Generated by org.testng.reporters.JUnitReportReporter -->
<testsuite hostname="LAPTOP-L8UGKGD9" failures="0" tests="1" name="com.Fitpeo.testcases.FitPeo_TestCase" time="122.666" errors="0" timestamp="2024-08-03T14:02:35 IST" skipped="0">
  <testcase classname="com.Fitpeo.testcases.FitPeo_TestCase" name="demo" time="122.666"/>
  <system-out/>
</testsuite> <!-- com.Fitpeo.testcases.FitPeo_TestCase -->
